-------------------------------------------------------------------------------
Test set: com.kits.AppTest
-------------------------------------------------------------------------------
Tests run: 2, Failures: 1, Errors: 0, Skipped: 0, Time elapsed: 0.075 s <<< FAILURE! - in com.kits.AppTest
shouldAnswerWithTrue1(com.kits.AppTest)  Time elapsed: 0.017 s  <<< FAILURE!
java.lang.AssertionError
	at com.kits.AppTest.shouldAnswerWithTrue1(AppTest.java:24)

